15:44:16.658 logback-mybatis [main] INFO  c.example.RingsSpringbootApplication - Starting RingsSpringbootApplication on Stu1001 with PID 6176 (G:\rings_springboot\target\classes started by Administrator in G:\rings_springboot)
15:44:16.695 logback-mybatis [main] INFO  c.example.RingsSpringbootApplication - No active profile set, falling back to default profiles: default
15:44:17.112 logback-mybatis [main] INFO  o.s.b.w.s.c.AnnotationConfigServletWebServerApplicationContext - Refreshing org.springframework.boot.web.servlet.context.AnnotationConfigServletWebServerApplicationContext@689604d9: startup date [Wed Aug 29 15:44:17 CST 2018]; root of context hierarchy
15:44:22.411 logback-mybatis [main] INFO  o.s.c.s.PostProcessorRegistrationDelegate$BeanPostProcessorChecker - Bean 'org.springframework.transaction.annotation.ProxyTransactionManagementConfiguration' of type [org.springframework.transaction.annotation.ProxyTransactionManagementConfiguration$$EnhancerBySpringCGLIB$$c947a7c3] is not eligible for getting processed by all BeanPostProcessors (for example: not eligible for auto-proxying)
15:44:24.027 logback-mybatis [main] INFO  o.s.b.w.e.tomcat.TomcatWebServer - Tomcat initialized with port(s): 8081 (http)
15:44:24.104 logback-mybatis [main] INFO  o.a.coyote.http11.Http11NioProtocol - Initializing ProtocolHandler ["http-nio-8081"]
15:44:24.184 logback-mybatis [main] INFO  o.a.catalina.core.StandardService - Starting service [Tomcat]
15:44:24.185 logback-mybatis [main] INFO  o.a.catalina.core.StandardEngine - Starting Servlet Engine: Apache Tomcat/8.5.32
15:44:24.222 logback-mybatis [localhost-startStop-1] INFO  o.a.c.core.AprLifecycleListener - The APR based Apache Tomcat Native library which allows optimal performance in production environments was not found on the java.library.path: [C:\Program Files\Java\jre1.8.0_151\bin;C:\Windows\Sun\Java\bin;C:\Windows\system32;C:\Windows;C:/Program Files/Java/jre1.8.0_151/bin/server;C:/Program Files/Java/jre1.8.0_151/bin;C:/Program Files/Java/jre1.8.0_151/lib/amd64;F:\app\Administrator\product\11.2.0\dbhome_1\bin;C:\ProgramData\Oracle\Java\javapath;C:\Windows\system32;C:\Windows;C:\Windows\System32\Wbem;C:\Windows\System32\WindowsPowerShell\v1.0\;C:\Program Files\Java\jdk1.8.0_151\bin;C:\Program Files\Java\jdk1.8.0_151\lib\dt.jar;C:\Program Files\Java\jdk1.8.0_151\jre\bin;"D:\MySQL57\mysql-5.6.17-winx64"\bin;D:\tomcat7\lib;D:\tomcat7\lib\servlet-api.jar;D:\tomcat7\lib\jsp-api.jar;F:\spring-tool-suite-3.6.3.SR1-e4.4.1-win32-x86_64\sts-bundle\sts-3.6.3.SR1;;.]
15:44:25.396 logback-mybatis [localhost-startStop-1] INFO  org.apache.jasper.servlet.TldScanner - At least one JAR was scanned for TLDs yet contained no TLDs. Enable debug logging for this logger for a complete list of JARs that were scanned but no TLDs were found in them. Skipping unneeded JARs during scanning can improve startup time and JSP compilation time.
15:44:25.421 logback-mybatis [localhost-startStop-1] INFO  o.a.c.c.C.[Tomcat].[localhost].[/] - Initializing Spring embedded WebApplicationContext
15:44:25.421 logback-mybatis [localhost-startStop-1] INFO  o.s.web.context.ContextLoader - Root WebApplicationContext: initialization completed in 8309 ms
15:44:29.127 logback-mybatis [localhost-startStop-1] INFO  o.s.b.w.s.FilterRegistrationBean - Mapping filter: 'characterEncodingFilter' to: [/*]
15:44:29.127 logback-mybatis [localhost-startStop-1] INFO  o.s.b.w.s.FilterRegistrationBean - Mapping filter: 'webMvcMetricsFilter' to: [/*]
15:44:29.127 logback-mybatis [localhost-startStop-1] INFO  o.s.b.w.s.FilterRegistrationBean - Mapping filter: 'hiddenHttpMethodFilter' to: [/*]
15:44:29.128 logback-mybatis [localhost-startStop-1] INFO  o.s.b.w.s.FilterRegistrationBean - Mapping filter: 'httpPutFormContentFilter' to: [/*]
15:44:29.128 logback-mybatis [localhost-startStop-1] INFO  o.s.b.w.s.FilterRegistrationBean - Mapping filter: 'requestContextFilter' to: [/*]
15:44:29.128 logback-mybatis [localhost-startStop-1] INFO  o.s.b.w.s.FilterRegistrationBean - Mapping filter: 'httpTraceFilter' to: [/*]
15:44:29.128 logback-mybatis [localhost-startStop-1] INFO  o.s.b.w.s.ServletRegistrationBean - Servlet dispatcherServlet mapped to [/]
15:44:34.343 logback-mybatis [main] INFO  o.s.w.s.h.SimpleUrlHandlerMapping - Mapped URL path [/**/favicon.ico] onto handler of type [class org.springframework.web.servlet.resource.ResourceHttpRequestHandler]
15:44:35.723 logback-mybatis [main] INFO  o.s.w.s.m.m.a.RequestMappingHandlerAdapter - Looking for @ControllerAdvice: org.springframework.boot.web.servlet.context.AnnotationConfigServletWebServerApplicationContext@689604d9: startup date [Wed Aug 29 15:44:17 CST 2018]; root of context hierarchy
15:44:35.967 logback-mybatis [main] INFO  o.s.w.s.m.m.a.RequestMappingHandlerMapping - Mapped "{[/authors],methods=[GET]}" onto public java.util.List<com.example.model.Author> com.example.controller.AuthorController.getAllAuthors() throws java.lang.Exception
15:44:35.969 logback-mybatis [main] INFO  o.s.w.s.m.m.a.RequestMappingHandlerMapping - Mapped "{[/author/{id}],methods=[GET]}" onto public com.example.model.Author com.example.controller.AuthorController.getOneAuthor(int)
15:44:35.972 logback-mybatis [main] INFO  o.s.w.s.m.m.a.RequestMappingHandlerMapping - Mapped "{[/authors],methods=[POST],consumes=[application/json]}" onto public int com.example.controller.AuthorController.addAuthor(com.example.model.Author)
15:44:35.973 logback-mybatis [main] INFO  o.s.w.s.m.m.a.RequestMappingHandlerMapping - Mapped "{[/authors/{id}],methods=[DELETE]}" onto public int com.example.controller.AuthorController.delAuthor(int)
15:44:35.985 logback-mybatis [main] INFO  o.s.w.s.m.m.a.RequestMappingHandlerMapping - Mapped "{[/shop/compare],methods=[GET]}" onto public java.lang.String com.example.controller.ShopController.compare()
15:44:35.986 logback-mybatis [main] INFO  o.s.w.s.m.m.a.RequestMappingHandlerMapping - Mapped "{[/shop/header],methods=[GET]}" onto public java.lang.String com.example.controller.ShopController.header(javax.servlet.http.HttpSession,org.springframework.ui.Model)
15:44:35.987 logback-mybatis [main] INFO  o.s.w.s.m.m.a.RequestMappingHandlerMapping - Mapped "{[/shop/search]}" onto public java.lang.String com.example.controller.ShopController.home(java.lang.String,org.springframework.ui.Model)
15:44:35.988 logback-mybatis [main] INFO  o.s.w.s.m.m.a.RequestMappingHandlerMapping - Mapped "{[/shop/index],methods=[GET]}" onto public java.lang.String com.example.controller.ShopController.shopIndex(org.springframework.ui.Model) throws java.lang.Exception
15:44:35.988 logback-mybatis [main] INFO  o.s.w.s.m.m.a.RequestMappingHandlerMapping - Mapped "{[/shop/admgoods],methods=[GET]}" onto public java.lang.String com.example.controller.ShopController.admgoods(int,org.springframework.ui.Model) throws java.lang.Exception
15:44:35.989 logback-mybatis [main] INFO  o.s.w.s.m.m.a.RequestMappingHandlerMapping - Mapped "{[/shop/admtype],methods=[GET]}" onto public java.lang.String com.example.controller.ShopController.admtype(org.springframework.ui.Model) throws java.lang.Exception
15:44:35.994 logback-mybatis [main] INFO  o.s.w.s.m.m.a.RequestMappingHandlerMapping - Mapped "{[/shop/product_page],methods=[GET]}" onto public java.lang.String com.example.controller.ShopController.product_page()
15:44:35.995 logback-mybatis [main] INFO  o.s.w.s.m.m.a.RequestMappingHandlerMapping - Mapped "{[/shop/shopping_cart],methods=[GET]}" onto public java.lang.String com.example.controller.ShopController.shopping_cart(javax.servlet.http.HttpSession,org.springframework.ui.Model)
15:44:35.996 logback-mybatis [main] INFO  o.s.w.s.m.m.a.RequestMappingHandlerMapping - Mapped "{[/shop/checkout],methods=[GET]}" onto public java.lang.String com.example.controller.ShopController.checkout()
15:44:35.996 logback-mybatis [main] INFO  o.s.w.s.m.m.a.RequestMappingHandlerMapping - Mapped "{[/shop/catalog_grid],methods=[GET]}" onto public java.lang.String com.example.controller.ShopController.catalog_grid(int,int,org.springframework.ui.Model) throws java.lang.Exception
15:44:35.997 logback-mybatis [main] INFO  o.s.w.s.m.m.a.RequestMappingHandlerMapping - Mapped "{[/shop/catalog_list],methods=[GET]}" onto public java.lang.String com.example.controller.ShopController.catalog_list(int,int,org.springframework.ui.Model) throws java.lang.Exception
15:44:35.998 logback-mybatis [main] INFO  o.s.w.s.m.m.a.RequestMappingHandlerMapping - Mapped "{[/shop/contact_us],methods=[GET]}" onto public java.lang.String com.example.controller.ShopController.contact_us()
15:44:35.999 logback-mybatis [main] INFO  o.s.w.s.m.m.a.RequestMappingHandlerMapping - Mapped "{[/shop/404],methods=[GET]}" onto public java.lang.String com.example.controller.ShopController.shop404()
15:44:35.999 logback-mybatis [main] INFO  o.s.w.s.m.m.a.RequestMappingHandlerMapping - Mapped "{[/shop/blog],methods=[GET]}" onto public java.lang.String com.example.controller.ShopController.blog()
15:44:35.999 logback-mybatis [main] INFO  o.s.w.s.m.m.a.RequestMappingHandlerMapping - Mapped "{[/shop/blog_post],methods=[GET]}" onto public java.lang.String com.example.controller.ShopController.blog_post()
15:44:35.999 logback-mybatis [main] INFO  o.s.w.s.m.m.a.RequestMappingHandlerMapping - Mapped "{[/shop/buy_now],methods=[GET]}" onto public java.lang.String com.example.controller.ShopController.buy_now()
15:44:36.000 logback-mybatis [main] INFO  o.s.w.s.m.m.a.RequestMappingHandlerMapping - Mapped "{[/shop/searchgoods],methods=[GET]}" onto public java.lang.String com.example.controller.ShopController.searchGoods(int,int,org.springframework.ui.Model)
15:44:36.001 logback-mybatis [main] INFO  o.s.w.s.m.m.a.RequestMappingHandlerMapping - Mapped "{[/shop/delgoods],methods=[GET]}" onto public java.lang.String com.example.controller.ShopController.delgoods(int,org.springframework.ui.Model)
15:44:36.002 logback-mybatis [main] INFO  o.s.w.s.m.m.a.RequestMappingHandlerMapping - Mapped "{[/shop/updategoods],methods=[GET]}" onto public java.lang.String com.example.controller.ShopController.updategoods(int,org.springframework.ui.Model)
15:44:36.003 logback-mybatis [main] INFO  o.s.w.s.m.m.a.RequestMappingHandlerMapping - Mapped "{[/shop/selGoods],methods=[GET]}" onto public java.lang.String com.example.controller.ShopController.selGoods(int,org.springframework.ui.Model)
15:44:36.003 logback-mybatis [main] INFO  o.s.w.s.m.m.a.RequestMappingHandlerMapping - Mapped "{[/shop/doupdategoods],methods=[POST]}" onto public java.lang.String com.example.controller.ShopController.doupdategoods(com.example.model.Goods,org.springframework.validation.BindingResult,org.springframework.ui.Model)
15:44:36.003 logback-mybatis [main] INFO  o.s.w.s.m.m.a.RequestMappingHandlerMapping - Mapped "{[/shop/addgoods],methods=[GET]}" onto public java.lang.String com.example.controller.ShopController.addgoods(com.example.model.Goods,org.springframework.validation.BindingResult,org.springframework.ui.Model)
15:44:36.003 logback-mybatis [main] INFO  o.s.w.s.m.m.a.RequestMappingHandlerMapping - Mapped "{[/shop/addtypes],methods=[POST]}" onto public java.lang.String com.example.controller.ShopController.addtypes(com.example.model.Type,org.springframework.validation.BindingResult,org.springframework.ui.Model)
15:44:36.003 logback-mybatis [main] INFO  o.s.w.s.m.m.a.RequestMappingHandlerMapping - Mapped "{[/shop/deltypes],methods=[GET]}" onto public java.lang.String com.example.controller.ShopController.deltypes(int,org.springframework.ui.Model)
15:44:36.003 logback-mybatis [main] INFO  o.s.w.s.m.m.a.RequestMappingHandlerMapping - Mapped "{[/shop/updatetypes],methods=[GET]}" onto public java.lang.String com.example.controller.ShopController.updatetypes(int,org.springframework.ui.Model)
15:44:36.004 logback-mybatis [main] INFO  o.s.w.s.m.m.a.RequestMappingHandlerMapping - Mapped "{[/shop/doupdatetypes],methods=[POST]}" onto public java.lang.String com.example.controller.ShopController.doupdatetypes(com.example.model.Type,org.springframework.validation.BindingResult,org.springframework.ui.Model)
15:44:36.004 logback-mybatis [main] INFO  o.s.w.s.m.m.a.RequestMappingHandlerMapping - Mapped "{[/shop/delCart],methods=[GET]}" onto public java.lang.String com.example.controller.ShopController.delcart(int,javax.servlet.http.HttpSession,org.springframework.ui.Model)
15:44:36.004 logback-mybatis [main] INFO  o.s.w.s.m.m.a.RequestMappingHandlerMapping - Mapped "{[/shop/updateCart],methods=[GET]}" onto public java.lang.String com.example.controller.ShopController.updatecart(int,int,javax.servlet.http.HttpSession,org.springframework.ui.Model)
15:44:36.004 logback-mybatis [main] INFO  o.s.w.s.m.m.a.RequestMappingHandlerMapping - Mapped "{[/shop/dosearch],methods=[POST]}" onto public java.lang.String com.example.controller.ShopController.doSearch(java.lang.String,javax.servlet.http.HttpSession,org.springframework.web.servlet.mvc.support.RedirectAttributes)
15:44:36.010 logback-mybatis [main] INFO  o.s.w.s.m.m.a.RequestMappingHandlerMapping - Mapped "{[/shop/register],methods=[GET]}" onto public java.lang.String com.example.controller.UserController.register()
15:44:36.010 logback-mybatis [main] INFO  o.s.w.s.m.m.a.RequestMappingHandlerMapping - Mapped "{[/shop/info],methods=[GET]}" onto public java.lang.String com.example.controller.UserController.info(javax.servlet.http.HttpSession,org.springframework.ui.Model) throws java.lang.Exception
15:44:36.011 logback-mybatis [main] INFO  o.s.w.s.m.m.a.RequestMappingHandlerMapping - Mapped "{[/shop/upinfo]}" onto public java.lang.String com.example.controller.UserController.home(java.lang.String,java.lang.String,org.springframework.ui.Model) throws java.lang.Exception
15:44:36.011 logback-mybatis [main] INFO  o.s.w.s.m.m.a.RequestMappingHandlerMapping - Mapped "{[/shop/login],methods=[GET]}" onto public java.lang.String com.example.controller.UserController.login(javax.servlet.http.HttpServletRequest,org.springframework.ui.Model)
15:44:36.011 logback-mybatis [main] INFO  o.s.w.s.m.m.a.RequestMappingHandlerMapping - Mapped "{[/shop/doreg],methods=[POST]}" onto public java.lang.String com.example.controller.UserController.doReg(com.example.model.User,org.springframework.validation.BindingResult,org.springframework.ui.Model) throws java.lang.Exception
15:44:36.012 logback-mybatis [main] INFO  o.s.w.s.m.m.a.RequestMappingHandlerMapping - Mapped "{[/shop/dologin],methods=[POST]}" onto public java.lang.String com.example.controller.UserController.dologin(java.lang.String,java.lang.String,java.lang.String,javax.servlet.http.HttpSession,javax.servlet.http.HttpServletRequest,javax.servlet.http.HttpServletResponse,org.springframework.ui.Model) throws java.lang.Exception
15:44:36.012 logback-mybatis [main] INFO  o.s.w.s.m.m.a.RequestMappingHandlerMapping - Mapped "{[/shop/loginout],methods=[GET]}" onto public java.lang.String com.example.controller.UserController.logout(javax.servlet.http.HttpSession)
15:44:36.013 logback-mybatis [main] INFO  o.s.w.s.m.m.a.RequestMappingHandlerMapping - Mapped "{[/shop/loginadm],methods=[GET]}" onto public java.lang.String com.example.controller.UserController.admlogin(javax.servlet.http.HttpServletRequest,org.springframework.ui.Model)
15:44:36.013 logback-mybatis [main] INFO  o.s.w.s.m.m.a.RequestMappingHandlerMapping - Mapped "{[/shop/dologinadm],methods=[POST]}" onto public java.lang.String com.example.controller.UserController.doadmlogin(java.lang.String,java.lang.String,java.lang.String,javax.servlet.http.HttpSession,javax.servlet.http.HttpServletRequest,javax.servlet.http.HttpServletResponse,org.springframework.ui.Model) throws java.lang.Exception
15:44:36.013 logback-mybatis [main] INFO  o.s.w.s.m.m.a.RequestMappingHandlerMapping - Mapped "{[/shop/loginoutadm],methods=[GET]}" onto public java.lang.String com.example.controller.UserController.admloginout(javax.servlet.http.HttpSession)
15:44:36.014 logback-mybatis [main] INFO  o.s.w.s.m.m.a.RequestMappingHandlerMapping - Mapped "{[/shop/doupdate],methods=[POST]}" onto public java.lang.String com.example.controller.UserController.doupdate(com.example.model.User,org.springframework.validation.BindingResult,org.springframework.web.servlet.mvc.support.RedirectAttributes) throws java.lang.Exception
15:44:36.016 logback-mybatis [main] INFO  o.s.w.s.m.m.a.RequestMappingHandlerMapping - Mapped "{[/error]}" onto public org.springframework.http.ResponseEntity<java.util.Map<java.lang.String, java.lang.Object>> org.springframework.boot.autoconfigure.web.servlet.error.BasicErrorController.error(javax.servlet.http.HttpServletRequest)
15:44:36.017 logback-mybatis [main] INFO  o.s.w.s.m.m.a.RequestMappingHandlerMapping - Mapped "{[/error],produces=[text/html]}" onto public org.springframework.web.servlet.ModelAndView org.springframework.boot.autoconfigure.web.servlet.error.BasicErrorController.errorHtml(javax.servlet.http.HttpServletRequest,javax.servlet.http.HttpServletResponse)
15:44:36.110 logback-mybatis [main] INFO  o.s.w.s.h.SimpleUrlHandlerMapping - Mapped URL path [/webjars/**] onto handler of type [class org.springframework.web.servlet.resource.ResourceHttpRequestHandler]
15:44:36.110 logback-mybatis [main] INFO  o.s.w.s.h.SimpleUrlHandlerMapping - Mapped URL path [/**] onto handler of type [class org.springframework.web.servlet.resource.ResourceHttpRequestHandler]
15:44:37.412 logback-mybatis [main] INFO  o.s.b.a.e.web.EndpointLinksResolver - Exposing 2 endpoint(s) beneath base path '/actuator'
15:44:37.451 logback-mybatis [main] INFO  o.s.b.a.e.w.s.WebMvcEndpointHandlerMapping - Mapped "{[/actuator/health],methods=[GET],produces=[application/vnd.spring-boot.actuator.v2+json || application/json]}" onto public java.lang.Object org.springframework.boot.actuate.endpoint.web.servlet.AbstractWebMvcEndpointHandlerMapping$OperationHandler.handle(javax.servlet.http.HttpServletRequest,java.util.Map<java.lang.String, java.lang.String>)
15:44:37.452 logback-mybatis [main] INFO  o.s.b.a.e.w.s.WebMvcEndpointHandlerMapping - Mapped "{[/actuator/info],methods=[GET],produces=[application/vnd.spring-boot.actuator.v2+json || application/json]}" onto public java.lang.Object org.springframework.boot.actuate.endpoint.web.servlet.AbstractWebMvcEndpointHandlerMapping$OperationHandler.handle(javax.servlet.http.HttpServletRequest,java.util.Map<java.lang.String, java.lang.String>)
15:44:37.454 logback-mybatis [main] INFO  o.s.b.a.e.w.s.WebMvcEndpointHandlerMapping - Mapped "{[/actuator],methods=[GET],produces=[application/vnd.spring-boot.actuator.v2+json || application/json]}" onto protected java.util.Map<java.lang.String, java.util.Map<java.lang.String, org.springframework.boot.actuate.endpoint.web.Link>> org.springframework.boot.actuate.endpoint.web.servlet.WebMvcEndpointHandlerMapping.links(javax.servlet.http.HttpServletRequest,javax.servlet.http.HttpServletResponse)
15:44:37.596 logback-mybatis [main] INFO  o.s.j.e.a.AnnotationMBeanExporter - Registering beans for JMX exposure on startup
15:44:37.609 logback-mybatis [main] INFO  o.s.j.e.a.AnnotationMBeanExporter - Bean with name 'dataSource' has been autodetected for JMX exposure
15:44:37.678 logback-mybatis [main] INFO  o.s.j.e.a.AnnotationMBeanExporter - Located MBean 'dataSource': registering with JMX server as MBean [com.zaxxer.hikari:name=dataSource,type=HikariDataSource]
15:44:37.943 logback-mybatis [main] INFO  o.a.coyote.http11.Http11NioProtocol - Starting ProtocolHandler ["http-nio-8081"]
15:44:38.051 logback-mybatis [main] INFO  o.a.tomcat.util.net.NioSelectorPool - Using a shared selector for servlet write/read
15:44:38.325 logback-mybatis [main] INFO  o.s.b.w.e.tomcat.TomcatWebServer - Tomcat started on port(s): 8081 (http) with context path ''
15:44:38.365 logback-mybatis [main] INFO  c.example.RingsSpringbootApplication - Started RingsSpringbootApplication in 26.107 seconds (JVM running for 30.785)
15:45:07.367 logback-mybatis [http-nio-8081-exec-1] INFO  o.a.c.c.C.[Tomcat].[localhost].[/] - Initializing Spring FrameworkServlet 'dispatcherServlet'
15:45:07.368 logback-mybatis [http-nio-8081-exec-1] INFO  o.s.web.servlet.DispatcherServlet - FrameworkServlet 'dispatcherServlet': initialization started
15:45:07.934 logback-mybatis [http-nio-8081-exec-1] INFO  o.s.web.servlet.DispatcherServlet - FrameworkServlet 'dispatcherServlet': initialization completed in 565 ms
15:45:09.905 logback-mybatis [http-nio-8081-exec-9] INFO  io.lettuce.core.EpollProvider - Starting without optional epoll library
15:45:09.911 logback-mybatis [http-nio-8081-exec-9] INFO  io.lettuce.core.KqueueProvider - Starting without optional kqueue library
15:45:11.763 logback-mybatis [http-nio-8081-exec-1] ERROR o.a.c.c.C.[.[.[.[dispatcherServlet] - Servlet.service() for servlet [dispatcherServlet] in context with path [] threw exception [Handler dispatch failed; nested exception is java.lang.NoClassDefFoundError: Could not initialize class com.example.lettuce.RedisCli] with root cause
java.lang.NoClassDefFoundError: Could not initialize class com.example.lettuce.RedisCli
	at com.example.controller.ShopController.readTypesFromRedis(ShopController.java:49)
	at com.example.controller.ShopController.shopIndex(ShopController.java:241)
	at sun.reflect.NativeMethodAccessorImpl.invoke0(Native Method)
	at sun.reflect.NativeMethodAccessorImpl.invoke(Unknown Source)
	at sun.reflect.DelegatingMethodAccessorImpl.invoke(Unknown Source)
	at java.lang.reflect.Method.invoke(Unknown Source)
	at org.springframework.web.method.support.InvocableHandlerMethod.doInvoke(InvocableHandlerMethod.java:209)
	at org.springframework.web.method.support.InvocableHandlerMethod.invokeForRequest(InvocableHandlerMethod.java:136)
	at org.springframework.web.servlet.mvc.method.annotation.ServletInvocableHandlerMethod.invokeAndHandle(ServletInvocableHandlerMethod.java:102)
	at org.springframework.web.servlet.mvc.method.annotation.RequestMappingHandlerAdapter.invokeHandlerMethod(RequestMappingHandlerAdapter.java:877)
	at org.springframework.web.servlet.mvc.method.annotation.RequestMappingHandlerAdapter.handleInternal(RequestMappingHandlerAdapter.java:783)
	at org.springframework.web.servlet.mvc.method.AbstractHandlerMethodAdapter.handle(AbstractHandlerMethodAdapter.java:87)
	at org.springframework.web.servlet.DispatcherServlet.doDispatch(DispatcherServlet.java:991)
	at org.springframework.web.servlet.DispatcherServlet.doService(DispatcherServlet.java:925)
	at org.springframework.web.servlet.FrameworkServlet.processRequest(FrameworkServlet.java:974)
	at org.springframework.web.servlet.FrameworkServlet.doGet(FrameworkServlet.java:866)
	at javax.servlet.http.HttpServlet.service(HttpServlet.java:687)
	at org.springframework.web.servlet.FrameworkServlet.service(FrameworkServlet.java:851)
	at javax.servlet.http.HttpServlet.service(HttpServlet.java:790)
	at org.apache.catalina.core.ApplicationFilterChain.internalDoFilter(ApplicationFilterChain.java:231)
	at org.apache.catalina.core.ApplicationFilterChain.doFilter(ApplicationFilterChain.java:166)
	at org.apache.tomcat.websocket.server.WsFilter.doFilter(WsFilter.java:52)
	at org.apache.catalina.core.ApplicationFilterChain.internalDoFilter(ApplicationFilterChain.java:193)
	at org.apache.catalina.core.ApplicationFilterChain.doFilter(ApplicationFilterChain.java:166)
	at org.springframework.boot.actuate.web.trace.servlet.HttpTraceFilter.doFilterInternal(HttpTraceFilter.java:90)
	at org.springframework.web.filter.OncePerRequestFilter.doFilter(OncePerRequestFilter.java:107)
	at org.apache.catalina.core.ApplicationFilterChain.internalDoFilter(ApplicationFilterChain.java:193)
	at org.apache.catalina.core.ApplicationFilterChain.doFilter(ApplicationFilterChain.java:166)
	at org.springframework.web.filter.RequestContextFilter.doFilterInternal(RequestContextFilter.java:99)
	at org.springframework.web.filter.OncePerRequestFilter.doFilter(OncePerRequestFilter.java:107)
	at org.apache.catalina.core.ApplicationFilterChain.internalDoFilter(ApplicationFilterChain.java:193)
	at org.apache.catalina.core.ApplicationFilterChain.doFilter(ApplicationFilterChain.java:166)
	at org.springframework.web.filter.HttpPutFormContentFilter.doFilterInternal(HttpPutFormContentFilter.java:109)
	at org.springframework.web.filter.OncePerRequestFilter.doFilter(OncePerRequestFilter.java:107)
	at org.apache.catalina.core.ApplicationFilterChain.internalDoFilter(ApplicationFilterChain.java:193)
	at org.apache.catalina.core.ApplicationFilterChain.doFilter(ApplicationFilterChain.java:166)
	at org.springframework.web.filter.HiddenHttpMethodFilter.doFilterInternal(HiddenHttpMethodFilter.java:93)
	at org.springframework.web.filter.OncePerRequestFilter.doFilter(OncePerRequestFilter.java:107)
	at org.apache.catalina.core.ApplicationFilterChain.internalDoFilter(ApplicationFilterChain.java:193)
	at org.apache.catalina.core.ApplicationFilterChain.doFilter(ApplicationFilterChain.java:166)
	at org.springframework.boot.actuate.metrics.web.servlet.WebMvcMetricsFilter.filterAndRecordMetrics(WebMvcMetricsFilter.java:155)
	at org.springframework.boot.actuate.metrics.web.servlet.WebMvcMetricsFilter.filterAndRecordMetrics(WebMvcMetricsFilter.java:123)
	at org.springframework.boot.actuate.metrics.web.servlet.WebMvcMetricsFilter.doFilterInternal(WebMvcMetricsFilter.java:108)
	at org.springframework.web.filter.OncePerRequestFilter.doFilter(OncePerRequestFilter.java:107)
	at org.apache.catalina.core.ApplicationFilterChain.internalDoFilter(ApplicationFilterChain.java:193)
	at org.apache.catalina.core.ApplicationFilterChain.doFilter(ApplicationFilterChain.java:166)
	at org.springframework.web.filter.CharacterEncodingFilter.doFilterInternal(CharacterEncodingFilter.java:200)
	at org.springframework.web.filter.OncePerRequestFilter.doFilter(OncePerRequestFilter.java:107)
	at org.apache.catalina.core.ApplicationFilterChain.internalDoFilter(ApplicationFilterChain.java:193)
	at org.apache.catalina.core.ApplicationFilterChain.doFilter(ApplicationFilterChain.java:166)
	at org.apache.catalina.core.StandardWrapperValve.invoke(StandardWrapperValve.java:198)
	at org.apache.catalina.core.StandardContextValve.invoke(StandardContextValve.java:96)
	at org.apache.catalina.authenticator.AuthenticatorBase.invoke(AuthenticatorBase.java:493)
	at org.apache.catalina.core.StandardHostValve.invoke(StandardHostValve.java:140)
	at org.apache.catalina.valves.ErrorReportValve.invoke(ErrorReportValve.java:81)
	at org.apache.catalina.core.StandardEngineValve.invoke(StandardEngineValve.java:87)
	at org.apache.catalina.connector.CoyoteAdapter.service(CoyoteAdapter.java:342)
	at org.apache.coyote.http11.Http11Processor.service(Http11Processor.java:800)
	at org.apache.coyote.AbstractProcessorLight.process(AbstractProcessorLight.java:66)
	at org.apache.coyote.AbstractProtocol$ConnectionHandler.process(AbstractProtocol.java:800)
	at org.apache.tomcat.util.net.NioEndpoint$SocketProcessor.doRun(NioEndpoint.java:1471)
	at org.apache.tomcat.util.net.SocketProcessorBase.run(SocketProcessorBase.java:49)
	at java.util.concurrent.ThreadPoolExecutor.runWorker(Unknown Source)
	at java.util.concurrent.ThreadPoolExecutor$Worker.run(Unknown Source)
	at org.apache.tomcat.util.threads.TaskThread$WrappingRunnable.run(TaskThread.java:61)
	at java.lang.Thread.run(Unknown Source)
15:45:11.764 logback-mybatis [http-nio-8081-exec-9] ERROR o.a.c.c.C.[.[.[.[dispatcherServlet] - Servlet.service() for servlet [dispatcherServlet] in context with path [] threw exception [Handler dispatch failed; nested exception is java.lang.ExceptionInInitializerError] with root cause
java.net.ConnectException: Connection refused: no further information
	at sun.nio.ch.SocketChannelImpl.checkConnect(Native Method)
	at sun.nio.ch.SocketChannelImpl.finishConnect(Unknown Source)
	at io.netty.channel.socket.nio.NioSocketChannel.doFinishConnect(NioSocketChannel.java:325)
	at io.netty.channel.nio.AbstractNioChannel$AbstractNioUnsafe.finishConnect(AbstractNioChannel.java:340)
	at io.netty.channel.nio.NioEventLoop.processSelectedKey(NioEventLoop.java:634)
	at io.netty.channel.nio.NioEventLoop.processSelectedKeysOptimized(NioEventLoop.java:581)
	at io.netty.channel.nio.NioEventLoop.processSelectedKeys(NioEventLoop.java:498)
	at io.netty.channel.nio.NioEventLoop.run(NioEventLoop.java:460)
	at io.netty.util.concurrent.SingleThreadEventExecutor$5.run(SingleThreadEventExecutor.java:884)
	at io.netty.util.concurrent.FastThreadLocalRunnable.run(FastThreadLocalRunnable.java:30)
	at java.lang.Thread.run(Unknown Source)
15:48:26.446 logback-mybatis [http-nio-8081-exec-2] ERROR o.a.c.c.C.[.[.[.[dispatcherServlet] - Servlet.service() for servlet [dispatcherServlet] in context with path [] threw exception [Handler dispatch failed; nested exception is java.lang.NoClassDefFoundError: Could not initialize class com.example.lettuce.RedisCli] with root cause
java.lang.NoClassDefFoundError: Could not initialize class com.example.lettuce.RedisCli
	at com.example.controller.ShopController.readTypesFromRedis(ShopController.java:49)
	at com.example.controller.ShopController.shopIndex(ShopController.java:241)
	at sun.reflect.NativeMethodAccessorImpl.invoke0(Native Method)
	at sun.reflect.NativeMethodAccessorImpl.invoke(Unknown Source)
	at sun.reflect.DelegatingMethodAccessorImpl.invoke(Unknown Source)
	at java.lang.reflect.Method.invoke(Unknown Source)
	at org.springframework.web.method.support.InvocableHandlerMethod.doInvoke(InvocableHandlerMethod.java:209)
	at org.springframework.web.method.support.InvocableHandlerMethod.invokeForRequest(InvocableHandlerMethod.java:136)
	at org.springframework.web.servlet.mvc.method.annotation.ServletInvocableHandlerMethod.invokeAndHandle(ServletInvocableHandlerMethod.java:102)
	at org.springframework.web.servlet.mvc.method.annotation.RequestMappingHandlerAdapter.invokeHandlerMethod(RequestMappingHandlerAdapter.java:877)
	at org.springframework.web.servlet.mvc.method.annotation.RequestMappingHandlerAdapter.handleInternal(RequestMappingHandlerAdapter.java:783)
	at org.springframework.web.servlet.mvc.method.AbstractHandlerMethodAdapter.handle(AbstractHandlerMethodAdapter.java:87)
	at org.springframework.web.servlet.DispatcherServlet.doDispatch(DispatcherServlet.java:991)
	at org.springframework.web.servlet.DispatcherServlet.doService(DispatcherServlet.java:925)
	at org.springframework.web.servlet.FrameworkServlet.processRequest(FrameworkServlet.java:974)
	at org.springframework.web.servlet.FrameworkServlet.doGet(FrameworkServlet.java:866)
	at javax.servlet.http.HttpServlet.service(HttpServlet.java:687)
	at org.springframework.web.servlet.FrameworkServlet.service(FrameworkServlet.java:851)
	at javax.servlet.http.HttpServlet.service(HttpServlet.java:790)
	at org.apache.catalina.core.ApplicationFilterChain.internalDoFilter(ApplicationFilterChain.java:231)
	at org.apache.catalina.core.ApplicationFilterChain.doFilter(ApplicationFilterChain.java:166)
	at org.apache.tomcat.websocket.server.WsFilter.doFilter(WsFilter.java:52)
	at org.apache.catalina.core.ApplicationFilterChain.internalDoFilter(ApplicationFilterChain.java:193)
	at org.apache.catalina.core.ApplicationFilterChain.doFilter(ApplicationFilterChain.java:166)
	at org.springframework.boot.actuate.web.trace.servlet.HttpTraceFilter.doFilterInternal(HttpTraceFilter.java:90)
	at org.springframework.web.filter.OncePerRequestFilter.doFilter(OncePerRequestFilter.java:107)
	at org.apache.catalina.core.ApplicationFilterChain.internalDoFilter(ApplicationFilterChain.java:193)
	at org.apache.catalina.core.ApplicationFilterChain.doFilter(ApplicationFilterChain.java:166)
	at org.springframework.web.filter.RequestContextFilter.doFilterInternal(RequestContextFilter.java:99)
	at org.springframework.web.filter.OncePerRequestFilter.doFilter(OncePerRequestFilter.java:107)
	at org.apache.catalina.core.ApplicationFilterChain.internalDoFilter(ApplicationFilterChain.java:193)
	at org.apache.catalina.core.ApplicationFilterChain.doFilter(ApplicationFilterChain.java:166)
	at org.springframework.web.filter.HttpPutFormContentFilter.doFilterInternal(HttpPutFormContentFilter.java:109)
	at org.springframework.web.filter.OncePerRequestFilter.doFilter(OncePerRequestFilter.java:107)
	at org.apache.catalina.core.ApplicationFilterChain.internalDoFilter(ApplicationFilterChain.java:193)
	at org.apache.catalina.core.ApplicationFilterChain.doFilter(ApplicationFilterChain.java:166)
	at org.springframework.web.filter.HiddenHttpMethodFilter.doFilterInternal(HiddenHttpMethodFilter.java:93)
	at org.springframework.web.filter.OncePerRequestFilter.doFilter(OncePerRequestFilter.java:107)
	at org.apache.catalina.core.ApplicationFilterChain.internalDoFilter(ApplicationFilterChain.java:193)
	at org.apache.catalina.core.ApplicationFilterChain.doFilter(ApplicationFilterChain.java:166)
	at org.springframework.boot.actuate.metrics.web.servlet.WebMvcMetricsFilter.filterAndRecordMetrics(WebMvcMetricsFilter.java:155)
	at org.springframework.boot.actuate.metrics.web.servlet.WebMvcMetricsFilter.filterAndRecordMetrics(WebMvcMetricsFilter.java:123)
	at org.springframework.boot.actuate.metrics.web.servlet.WebMvcMetricsFilter.doFilterInternal(WebMvcMetricsFilter.java:108)
	at org.springframework.web.filter.OncePerRequestFilter.doFilter(OncePerRequestFilter.java:107)
	at org.apache.catalina.core.ApplicationFilterChain.internalDoFilter(ApplicationFilterChain.java:193)
	at org.apache.catalina.core.ApplicationFilterChain.doFilter(ApplicationFilterChain.java:166)
	at org.springframework.web.filter.CharacterEncodingFilter.doFilterInternal(CharacterEncodingFilter.java:200)
	at org.springframework.web.filter.OncePerRequestFilter.doFilter(OncePerRequestFilter.java:107)
	at org.apache.catalina.core.ApplicationFilterChain.internalDoFilter(ApplicationFilterChain.java:193)
	at org.apache.catalina.core.ApplicationFilterChain.doFilter(ApplicationFilterChain.java:166)
	at org.apache.catalina.core.StandardWrapperValve.invoke(StandardWrapperValve.java:198)
	at org.apache.catalina.core.StandardContextValve.invoke(StandardContextValve.java:96)
	at org.apache.catalina.authenticator.AuthenticatorBase.invoke(AuthenticatorBase.java:493)
	at org.apache.catalina.core.StandardHostValve.invoke(StandardHostValve.java:140)
	at org.apache.catalina.valves.ErrorReportValve.invoke(ErrorReportValve.java:81)
	at org.apache.catalina.core.StandardEngineValve.invoke(StandardEngineValve.java:87)
	at org.apache.catalina.connector.CoyoteAdapter.service(CoyoteAdapter.java:342)
	at org.apache.coyote.http11.Http11Processor.service(Http11Processor.java:800)
	at org.apache.coyote.AbstractProcessorLight.process(AbstractProcessorLight.java:66)
	at org.apache.coyote.AbstractProtocol$ConnectionHandler.process(AbstractProtocol.java:800)
	at org.apache.tomcat.util.net.NioEndpoint$SocketProcessor.doRun(NioEndpoint.java:1471)
	at org.apache.tomcat.util.net.SocketProcessorBase.run(SocketProcessorBase.java:49)
	at java.util.concurrent.ThreadPoolExecutor.runWorker(Unknown Source)
	at java.util.concurrent.ThreadPoolExecutor$Worker.run(Unknown Source)
	at org.apache.tomcat.util.threads.TaskThread$WrappingRunnable.run(TaskThread.java:61)
	at java.lang.Thread.run(Unknown Source)
15:48:34.151 logback-mybatis [http-nio-8081-exec-7] ERROR o.a.c.c.C.[.[.[.[dispatcherServlet] - Servlet.service() for servlet [dispatcherServlet] in context with path [] threw exception [Handler dispatch failed; nested exception is java.lang.NoClassDefFoundError: Could not initialize class com.example.lettuce.RedisCli] with root cause
java.lang.NoClassDefFoundError: Could not initialize class com.example.lettuce.RedisCli
	at com.example.controller.ShopController.readTypesFromRedis(ShopController.java:49)
	at com.example.controller.ShopController.shopIndex(ShopController.java:241)
	at sun.reflect.NativeMethodAccessorImpl.invoke0(Native Method)
	at sun.reflect.NativeMethodAccessorImpl.invoke(Unknown Source)
	at sun.reflect.DelegatingMethodAccessorImpl.invoke(Unknown Source)
	at java.lang.reflect.Method.invoke(Unknown Source)
	at org.springframework.web.method.support.InvocableHandlerMethod.doInvoke(InvocableHandlerMethod.java:209)
	at org.springframework.web.method.support.InvocableHandlerMethod.invokeForRequest(InvocableHandlerMethod.java:136)
	at org.springframework.web.servlet.mvc.method.annotation.ServletInvocableHandlerMethod.invokeAndHandle(ServletInvocableHandlerMethod.java:102)
	at org.springframework.web.servlet.mvc.method.annotation.RequestMappingHandlerAdapter.invokeHandlerMethod(RequestMappingHandlerAdapter.java:877)
	at org.springframework.web.servlet.mvc.method.annotation.RequestMappingHandlerAdapter.handleInternal(RequestMappingHandlerAdapter.java:783)
	at org.springframework.web.servlet.mvc.method.AbstractHandlerMethodAdapter.handle(AbstractHandlerMethodAdapter.java:87)
	at org.springframework.web.servlet.DispatcherServlet.doDispatch(DispatcherServlet.java:991)
	at org.springframework.web.servlet.DispatcherServlet.doService(DispatcherServlet.java:925)
	at org.springframework.web.servlet.FrameworkServlet.processRequest(FrameworkServlet.java:974)
	at org.springframework.web.servlet.FrameworkServlet.doGet(FrameworkServlet.java:866)
	at javax.servlet.http.HttpServlet.service(HttpServlet.java:687)
	at org.springframework.web.servlet.FrameworkServlet.service(FrameworkServlet.java:851)
	at javax.servlet.http.HttpServlet.service(HttpServlet.java:790)
	at org.apache.catalina.core.ApplicationFilterChain.internalDoFilter(ApplicationFilterChain.java:231)
	at org.apache.catalina.core.ApplicationFilterChain.doFilter(ApplicationFilterChain.java:166)
	at org.apache.tomcat.websocket.server.WsFilter.doFilter(WsFilter.java:52)
	at org.apache.catalina.core.ApplicationFilterChain.internalDoFilter(ApplicationFilterChain.java:193)
	at org.apache.catalina.core.ApplicationFilterChain.doFilter(ApplicationFilterChain.java:166)
	at org.springframework.boot.actuate.web.trace.servlet.HttpTraceFilter.doFilterInternal(HttpTraceFilter.java:90)
	at org.springframework.web.filter.OncePerRequestFilter.doFilter(OncePerRequestFilter.java:107)
	at org.apache.catalina.core.ApplicationFilterChain.internalDoFilter(ApplicationFilterChain.java:193)
	at org.apache.catalina.core.ApplicationFilterChain.doFilter(ApplicationFilterChain.java:166)
	at org.springframework.web.filter.RequestContextFilter.doFilterInternal(RequestContextFilter.java:99)
	at org.springframework.web.filter.OncePerRequestFilter.doFilter(OncePerRequestFilter.java:107)
	at org.apache.catalina.core.ApplicationFilterChain.internalDoFilter(ApplicationFilterChain.java:193)
	at org.apache.catalina.core.ApplicationFilterChain.doFilter(ApplicationFilterChain.java:166)
	at org.springframework.web.filter.HttpPutFormContentFilter.doFilterInternal(HttpPutFormContentFilter.java:109)
	at org.springframework.web.filter.OncePerRequestFilter.doFilter(OncePerRequestFilter.java:107)
	at org.apache.catalina.core.ApplicationFilterChain.internalDoFilter(ApplicationFilterChain.java:193)
	at org.apache.catalina.core.ApplicationFilterChain.doFilter(ApplicationFilterChain.java:166)
	at org.springframework.web.filter.HiddenHttpMethodFilter.doFilterInternal(HiddenHttpMethodFilter.java:93)
	at org.springframework.web.filter.OncePerRequestFilter.doFilter(OncePerRequestFilter.java:107)
	at org.apache.catalina.core.ApplicationFilterChain.internalDoFilter(ApplicationFilterChain.java:193)
	at org.apache.catalina.core.ApplicationFilterChain.doFilter(ApplicationFilterChain.java:166)
	at org.springframework.boot.actuate.metrics.web.servlet.WebMvcMetricsFilter.filterAndRecordMetrics(WebMvcMetricsFilter.java:155)
	at org.springframework.boot.actuate.metrics.web.servlet.WebMvcMetricsFilter.filterAndRecordMetrics(WebMvcMetricsFilter.java:123)
	at org.springframework.boot.actuate.metrics.web.servlet.WebMvcMetricsFilter.doFilterInternal(WebMvcMetricsFilter.java:108)
	at org.springframework.web.filter.OncePerRequestFilter.doFilter(OncePerRequestFilter.java:107)
	at org.apache.catalina.core.ApplicationFilterChain.internalDoFilter(ApplicationFilterChain.java:193)
	at org.apache.catalina.core.ApplicationFilterChain.doFilter(ApplicationFilterChain.java:166)
	at org.springframework.web.filter.CharacterEncodingFilter.doFilterInternal(CharacterEncodingFilter.java:200)
	at org.springframework.web.filter.OncePerRequestFilter.doFilter(OncePerRequestFilter.java:107)
	at org.apache.catalina.core.ApplicationFilterChain.internalDoFilter(ApplicationFilterChain.java:193)
	at org.apache.catalina.core.ApplicationFilterChain.doFilter(ApplicationFilterChain.java:166)
	at org.apache.catalina.core.StandardWrapperValve.invoke(StandardWrapperValve.java:198)
	at org.apache.catalina.core.StandardContextValve.invoke(StandardContextValve.java:96)
	at org.apache.catalina.authenticator.AuthenticatorBase.invoke(AuthenticatorBase.java:493)
	at org.apache.catalina.core.StandardHostValve.invoke(StandardHostValve.java:140)
	at org.apache.catalina.valves.ErrorReportValve.invoke(ErrorReportValve.java:81)
	at org.apache.catalina.core.StandardEngineValve.invoke(StandardEngineValve.java:87)
	at org.apache.catalina.connector.CoyoteAdapter.service(CoyoteAdapter.java:342)
	at org.apache.coyote.http11.Http11Processor.service(Http11Processor.java:800)
	at org.apache.coyote.AbstractProcessorLight.process(AbstractProcessorLight.java:66)
	at org.apache.coyote.AbstractProtocol$ConnectionHandler.process(AbstractProtocol.java:800)
	at org.apache.tomcat.util.net.NioEndpoint$SocketProcessor.doRun(NioEndpoint.java:1471)
	at org.apache.tomcat.util.net.SocketProcessorBase.run(SocketProcessorBase.java:49)
	at java.util.concurrent.ThreadPoolExecutor.runWorker(Unknown Source)
	at java.util.concurrent.ThreadPoolExecutor$Worker.run(Unknown Source)
	at org.apache.tomcat.util.threads.TaskThread$WrappingRunnable.run(TaskThread.java:61)
	at java.lang.Thread.run(Unknown Source)
15:48:42.704 logback-mybatis [http-nio-8081-exec-3] ERROR o.a.c.c.C.[.[.[.[dispatcherServlet] - Servlet.service() for servlet [dispatcherServlet] in context with path [] threw exception [Handler dispatch failed; nested exception is java.lang.NoClassDefFoundError: Could not initialize class com.example.lettuce.RedisCli] with root cause
java.lang.NoClassDefFoundError: Could not initialize class com.example.lettuce.RedisCli
	at com.example.controller.ShopController.readTypesFromRedis(ShopController.java:49)
	at com.example.controller.ShopController.shopIndex(ShopController.java:241)
	at sun.reflect.NativeMethodAccessorImpl.invoke0(Native Method)
	at sun.reflect.NativeMethodAccessorImpl.invoke(Unknown Source)
	at sun.reflect.DelegatingMethodAccessorImpl.invoke(Unknown Source)
	at java.lang.reflect.Method.invoke(Unknown Source)
	at org.springframework.web.method.support.InvocableHandlerMethod.doInvoke(InvocableHandlerMethod.java:209)
	at org.springframework.web.method.support.InvocableHandlerMethod.invokeForRequest(InvocableHandlerMethod.java:136)
	at org.springframework.web.servlet.mvc.method.annotation.ServletInvocableHandlerMethod.invokeAndHandle(ServletInvocableHandlerMethod.java:102)
	at org.springframework.web.servlet.mvc.method.annotation.RequestMappingHandlerAdapter.invokeHandlerMethod(RequestMappingHandlerAdapter.java:877)
	at org.springframework.web.servlet.mvc.method.annotation.RequestMappingHandlerAdapter.handleInternal(RequestMappingHandlerAdapter.java:783)
	at org.springframework.web.servlet.mvc.method.AbstractHandlerMethodAdapter.handle(AbstractHandlerMethodAdapter.java:87)
	at org.springframework.web.servlet.DispatcherServlet.doDispatch(DispatcherServlet.java:991)
	at org.springframework.web.servlet.DispatcherServlet.doService(DispatcherServlet.java:925)
	at org.springframework.web.servlet.FrameworkServlet.processRequest(FrameworkServlet.java:974)
	at org.springframework.web.servlet.FrameworkServlet.doGet(FrameworkServlet.java:866)
	at javax.servlet.http.HttpServlet.service(HttpServlet.java:687)
	at org.springframework.web.servlet.FrameworkServlet.service(FrameworkServlet.java:851)
	at javax.servlet.http.HttpServlet.service(HttpServlet.java:790)
	at org.apache.catalina.core.ApplicationFilterChain.internalDoFilter(ApplicationFilterChain.java:231)
	at org.apache.catalina.core.ApplicationFilterChain.doFilter(ApplicationFilterChain.java:166)
	at org.apache.tomcat.websocket.server.WsFilter.doFilter(WsFilter.java:52)
	at org.apache.catalina.core.ApplicationFilterChain.internalDoFilter(ApplicationFilterChain.java:193)
	at org.apache.catalina.core.ApplicationFilterChain.doFilter(ApplicationFilterChain.java:166)
	at org.springframework.boot.actuate.web.trace.servlet.HttpTraceFilter.doFilterInternal(HttpTraceFilter.java:90)
	at org.springframework.web.filter.OncePerRequestFilter.doFilter(OncePerRequestFilter.java:107)
	at org.apache.catalina.core.ApplicationFilterChain.internalDoFilter(ApplicationFilterChain.java:193)
	at org.apache.catalina.core.ApplicationFilterChain.doFilter(ApplicationFilterChain.java:166)
	at org.springframework.web.filter.RequestContextFilter.doFilterInternal(RequestContextFilter.java:99)
	at org.springframework.web.filter.OncePerRequestFilter.doFilter(OncePerRequestFilter.java:107)
	at org.apache.catalina.core.ApplicationFilterChain.internalDoFilter(ApplicationFilterChain.java:193)
	at org.apache.catalina.core.ApplicationFilterChain.doFilter(ApplicationFilterChain.java:166)
	at org.springframework.web.filter.HttpPutFormContentFilter.doFilterInternal(HttpPutFormContentFilter.java:109)
	at org.springframework.web.filter.OncePerRequestFilter.doFilter(OncePerRequestFilter.java:107)
	at org.apache.catalina.core.ApplicationFilterChain.internalDoFilter(ApplicationFilterChain.java:193)
	at org.apache.catalina.core.ApplicationFilterChain.doFilter(ApplicationFilterChain.java:166)
	at org.springframework.web.filter.HiddenHttpMethodFilter.doFilterInternal(HiddenHttpMethodFilter.java:93)
	at org.springframework.web.filter.OncePerRequestFilter.doFilter(OncePerRequestFilter.java:107)
	at org.apache.catalina.core.ApplicationFilterChain.internalDoFilter(ApplicationFilterChain.java:193)
	at org.apache.catalina.core.ApplicationFilterChain.doFilter(ApplicationFilterChain.java:166)
	at org.springframework.boot.actuate.metrics.web.servlet.WebMvcMetricsFilter.filterAndRecordMetrics(WebMvcMetricsFilter.java:155)
	at org.springframework.boot.actuate.metrics.web.servlet.WebMvcMetricsFilter.filterAndRecordMetrics(WebMvcMetricsFilter.java:123)
	at org.springframework.boot.actuate.metrics.web.servlet.WebMvcMetricsFilter.doFilterInternal(WebMvcMetricsFilter.java:108)
	at org.springframework.web.filter.OncePerRequestFilter.doFilter(OncePerRequestFilter.java:107)
	at org.apache.catalina.core.ApplicationFilterChain.internalDoFilter(ApplicationFilterChain.java:193)
	at org.apache.catalina.core.ApplicationFilterChain.doFilter(ApplicationFilterChain.java:166)
	at org.springframework.web.filter.CharacterEncodingFilter.doFilterInternal(CharacterEncodingFilter.java:200)
	at org.springframework.web.filter.OncePerRequestFilter.doFilter(OncePerRequestFilter.java:107)
	at org.apache.catalina.core.ApplicationFilterChain.internalDoFilter(ApplicationFilterChain.java:193)
	at org.apache.catalina.core.ApplicationFilterChain.doFilter(ApplicationFilterChain.java:166)
	at org.apache.catalina.core.StandardWrapperValve.invoke(StandardWrapperValve.java:198)
	at org.apache.catalina.core.StandardContextValve.invoke(StandardContextValve.java:96)
	at org.apache.catalina.authenticator.AuthenticatorBase.invoke(AuthenticatorBase.java:493)
	at org.apache.catalina.core.StandardHostValve.invoke(StandardHostValve.java:140)
	at org.apache.catalina.valves.ErrorReportValve.invoke(ErrorReportValve.java:81)
	at org.apache.catalina.core.StandardEngineValve.invoke(StandardEngineValve.java:87)
	at org.apache.catalina.connector.CoyoteAdapter.service(CoyoteAdapter.java:342)
	at org.apache.coyote.http11.Http11Processor.service(Http11Processor.java:800)
	at org.apache.coyote.AbstractProcessorLight.process(AbstractProcessorLight.java:66)
	at org.apache.coyote.AbstractProtocol$ConnectionHandler.process(AbstractProtocol.java:800)
	at org.apache.tomcat.util.net.NioEndpoint$SocketProcessor.doRun(NioEndpoint.java:1471)
	at org.apache.tomcat.util.net.SocketProcessorBase.run(SocketProcessorBase.java:49)
	at java.util.concurrent.ThreadPoolExecutor.runWorker(Unknown Source)
	at java.util.concurrent.ThreadPoolExecutor$Worker.run(Unknown Source)
	at org.apache.tomcat.util.threads.TaskThread$WrappingRunnable.run(TaskThread.java:61)
	at java.lang.Thread.run(Unknown Source)
